Determining if the pthread_create exist failed with the following output:
Change Dir: /home/ubuntu/learn_cuda/neural_network/build/CMakeFiles/CMakeTmp

Run Build Command(s):/usr/bin/make cmTC_537ad/fast 
/usr/bin/make -f CMakeFiles/cmTC_537ad.dir/build.make CMakeFiles/cmTC_537ad.dir/build
make[1]: Entering directory '/home/ubuntu/learn_cuda/neural_network/build/CMakeFiles/CMakeTmp'
Building C object CMakeFiles/cmTC_537ad.dir/CheckSymbolExists.c.o
/usr/bin/cc    -o CMakeFiles/cmTC_537ad.dir/CheckSymbolExists.c.o   -c /home/ubuntu/learn_cuda/neural_network/build/CMakeFiles/CMakeTmp/CheckSymbolExists.c
Linking C executable cmTC_537ad
/opt/conda/bin/cmake -E cmake_link_script CMakeFiles/cmTC_537ad.dir/link.txt --verbose=1
/usr/bin/cc      -rdynamic CMakeFiles/cmTC_537ad.dir/CheckSymbolExists.c.o  -o cmTC_537ad 
CMakeFiles/cmTC_537ad.dir/CheckSymbolExists.c.o: In function `main':
CheckSymbolExists.c:(.text+0x1b): undefined reference to `pthread_create'
collect2: error: ld returned 1 exit status
CMakeFiles/cmTC_537ad.dir/build.make:86: recipe for target 'cmTC_537ad' failed
make[1]: *** [cmTC_537ad] Error 1
make[1]: Leaving directory '/home/ubuntu/learn_cuda/neural_network/build/CMakeFiles/CMakeTmp'
Makefile:121: recipe for target 'cmTC_537ad/fast' failed
make: *** [cmTC_537ad/fast] Error 2

File /home/ubuntu/learn_cuda/neural_network/build/CMakeFiles/CMakeTmp/CheckSymbolExists.c:
/* */
#include <pthread.h>

int main(int argc, char** argv)
{
  (void)argv;
#ifndef pthread_create
  return ((int*)(&pthread_create))[argc];
#else
  (void)argc;
  return 0;
#endif
}

Determining if the function pthread_create exists in the pthreads failed with the following output:
Change Dir: /home/ubuntu/learn_cuda/neural_network/build/CMakeFiles/CMakeTmp

Run Build Command(s):/usr/bin/make cmTC_81b48/fast 
/usr/bin/make -f CMakeFiles/cmTC_81b48.dir/build.make CMakeFiles/cmTC_81b48.dir/build
make[1]: Entering directory '/home/ubuntu/learn_cuda/neural_network/build/CMakeFiles/CMakeTmp'
Building C object CMakeFiles/cmTC_81b48.dir/CheckFunctionExists.c.o
/usr/bin/cc   -DCHECK_FUNCTION_EXISTS=pthread_create   -o CMakeFiles/cmTC_81b48.dir/CheckFunctionExists.c.o   -c /opt/conda/share/cmake-3.14/Modules/CheckFunctionExists.c
Linking C executable cmTC_81b48
/opt/conda/bin/cmake -E cmake_link_script CMakeFiles/cmTC_81b48.dir/link.txt --verbose=1
/usr/bin/cc  -DCHECK_FUNCTION_EXISTS=pthread_create    -rdynamic CMakeFiles/cmTC_81b48.dir/CheckFunctionExists.c.o  -o cmTC_81b48 -lpthreads 
/usr/bin/ld: cannot find -lpthreads
collect2: error: ld returned 1 exit status
CMakeFiles/cmTC_81b48.dir/build.make:86: recipe for target 'cmTC_81b48' failed
make[1]: *** [cmTC_81b48] Error 1
make[1]: Leaving directory '/home/ubuntu/learn_cuda/neural_network/build/CMakeFiles/CMakeTmp'
Makefile:121: recipe for target 'cmTC_81b48/fast' failed
make: *** [cmTC_81b48/fast] Error 2


